<?xml version="1.0" encoding="UTF-8"?>
<testng-results ignored="0" total="1" passed="1" failed="0" skipped="0">
  <reporter-output>
  </reporter-output>
  <suite started-at="2023-10-12T12:42:09 CEST" name="Quick" finished-at="2023-10-12T12:42:33 CEST" duration-ms="24034">
    <groups>
    </groups>
    <test started-at="2023-10-12T12:42:09 CEST" name="Quick" finished-at="2023-10-12T12:42:33 CEST" duration-ms="24034">
      <class name="org.ait.demoqa.tests.BookStore.LoginPageTests">
        <test-method is-config="true" signature="init()[pri:0, instance:org.ait.demoqa.tests.BookStore.LoginPageTests@2bfc268b]" started-at="2023-10-12T12:42:09 CEST" name="init" finished-at="2023-10-12T12:42:28 CEST" duration-ms="19274" status="PASS">
          <reporter-output>
          </reporter-output>
        </test-method> <!-- init -->
        <test-method is-config="true" signature="startLogger(java.lang.reflect.Method)[pri:0, instance:org.ait.demoqa.tests.BookStore.LoginPageTests@2bfc268b]" started-at="2023-10-12T12:42:28 CEST" name="startLogger" finished-at="2023-10-12T12:42:28 CEST" duration-ms="7" status="PASS">
          <params>
            <param index="0">
              <value>
                <![CDATA[public void org.ait.demoqa.tests.BookStore.LoginPageTests.loginPositiveTest()]]>
              </value>
            </param>
          </params>
          <reporter-output>
          </reporter-output>
        </test-method> <!-- startLogger -->
        <test-method is-config="true" signature="precondition()[pri:0, instance:org.ait.demoqa.tests.BookStore.LoginPageTests@2bfc268b]" started-at="2023-10-12T12:42:28 CEST" name="precondition" finished-at="2023-10-12T12:42:29 CEST" duration-ms="744" status="PASS">
          <reporter-output>
          </reporter-output>
        </test-method> <!-- precondition -->
        <test-method signature="loginPositiveTest()[pri:0, instance:org.ait.demoqa.tests.BookStore.LoginPageTests@2bfc268b]" started-at="2023-10-12T12:42:29 CEST" name="loginPositiveTest" finished-at="2023-10-12T12:42:33 CEST" duration-ms="3323" status="PASS">
          <reporter-output>
          </reporter-output>
        </test-method> <!-- loginPositiveTest -->
        <test-method is-config="true" signature="tearDown()[pri:0, instance:org.ait.demoqa.tests.BookStore.LoginPageTests@2bfc268b]" started-at="2023-10-12T12:42:33 CEST" name="tearDown" finished-at="2023-10-12T12:42:33 CEST" duration-ms="591" status="PASS">
          <reporter-output>
          </reporter-output>
        </test-method> <!-- tearDown -->
      </class> <!-- org.ait.demoqa.tests.BookStore.LoginPageTests -->
    </test> <!-- Quick -->
  </suite> <!-- Quick -->
</testng-results>
